<?xml version="1.0" encoding="UTF-8"?>
<testsuite xmlns:xsi="http://www.w3.org/2001/XMLSchema-instance" xsi:noNamespaceSchemaLocation="https://maven.apache.org/surefire/maven-surefire-plugin/xsd/surefire-test-report.xsd" name="com.unittestmaven.MavenUnitTest.TestMessageBuilder" time="0" tests="2" errors="0" skipped="0" failures="0">
  <properties>
    <property name="sun.desktop" value="windows"/>
    <property name="awt.toolkit" value="sun.awt.windows.WToolkit"/>
    <property name="file.encoding.pkg" value="sun.io"/>
    <property name="java.specification.version" value="1.8"/>
    <property name="sun.cpu.isalist" value="amd64"/>
    <property name="sun.jnu.encoding" value="Cp1252"/>
    <property name="java.class.path" value="C:\Users\syntel\Desktop\JenkinsDemo\MavenUnitTest\target\test-classes;C:\Users\syntel\Desktop\JenkinsDemo\MavenUnitTest\target\classes;C:\Users\syntel\.m2\repository\org\junit\jupiter\junit-jupiter-engine\5.3.1\junit-jupiter-engine-5.3.1.jar;C:\Users\syntel\.m2\repository\org\apiguardian\apiguardian-api\1.0.0\apiguardian-api-1.0.0.jar;C:\Users\syntel\.m2\repository\org\junit\platform\junit-platform-engine\1.3.1\junit-platform-engine-1.3.1.jar;C:\Users\syntel\.m2\repository\org\junit\platform\junit-platform-commons\1.3.1\junit-platform-commons-1.3.1.jar;C:\Users\syntel\.m2\repository\org\opentest4j\opentest4j\1.1.1\opentest4j-1.1.1.jar;C:\Users\syntel\.m2\repository\org\junit\jupiter\junit-jupiter-api\5.3.1\junit-jupiter-api-5.3.1.jar;"/>
    <property name="java.vm.vendor" value="Oracle Corporation"/>
    <property name="sun.arch.data.model" value="64"/>
    <property name="user.variant" value=""/>
    <property name="java.vendor.url" value="http://java.oracle.com/"/>
    <property name="user.timezone" value="America/Phoenix"/>
    <property name="java.vm.specification.version" value="1.8"/>
    <property name="os.name" value="Windows 10"/>
    <property name="user.country" value="US"/>
    <property name="sun.java.launcher" value="SUN_STANDARD"/>
    <property name="sun.boot.library.path" value="C:\Program Files\Java\jdk1.8.0_144\jre\bin"/>
    <property name="sun.java.command" value="C:\Users\syntel\AppData\Local\Temp\surefire6576474508814104635\surefirebooter2392904390507574288.jar C:\Users\syntel\AppData\Local\Temp\surefire6576474508814104635 2019-05-18T21-10-28_567-jvmRun1 surefire1699032113606486553tmp surefire_03377897899665186470tmp"/>
    <property name="surefire.test.class.path" value="C:\Users\syntel\Desktop\JenkinsDemo\MavenUnitTest\target\test-classes;C:\Users\syntel\Desktop\JenkinsDemo\MavenUnitTest\target\classes;C:\Users\syntel\.m2\repository\org\junit\jupiter\junit-jupiter-engine\5.3.1\junit-jupiter-engine-5.3.1.jar;C:\Users\syntel\.m2\repository\org\apiguardian\apiguardian-api\1.0.0\apiguardian-api-1.0.0.jar;C:\Users\syntel\.m2\repository\org\junit\platform\junit-platform-engine\1.3.1\junit-platform-engine-1.3.1.jar;C:\Users\syntel\.m2\repository\org\junit\platform\junit-platform-commons\1.3.1\junit-platform-commons-1.3.1.jar;C:\Users\syntel\.m2\repository\org\opentest4j\opentest4j\1.1.1\opentest4j-1.1.1.jar;C:\Users\syntel\.m2\repository\org\junit\jupiter\junit-jupiter-api\5.3.1\junit-jupiter-api-5.3.1.jar;"/>
    <property name="sun.cpu.endian" value="little"/>
    <property name="user.home" value="C:\Users\syntel"/>
    <property name="user.language" value="en"/>
    <property name="java.specification.vendor" value="Oracle Corporation"/>
    <property name="java.home" value="C:\Program Files\Java\jdk1.8.0_144\jre"/>
    <property name="basedir" value="C:\Users\syntel\Desktop\JenkinsDemo\MavenUnitTest"/>
    <property name="file.separator" value="\"/>
    <property name="line.separator" value="&#10;"/>
    <property name="java.vm.specification.vendor" value="Oracle Corporation"/>
    <property name="java.specification.name" value="Java Platform API Specification"/>
    <property name="java.awt.graphicsenv" value="sun.awt.Win32GraphicsEnvironment"/>
    <property name="surefire.real.class.path" value="C:\Users\syntel\AppData\Local\Temp\surefire6576474508814104635\surefirebooter2392904390507574288.jar"/>
    <property name="sun.boot.class.path" value="C:\Program Files\Java\jdk1.8.0_144\jre\lib\resources.jar;C:\Program Files\Java\jdk1.8.0_144\jre\lib\rt.jar;C:\Program Files\Java\jdk1.8.0_144\jre\lib\sunrsasign.jar;C:\Program Files\Java\jdk1.8.0_144\jre\lib\jsse.jar;C:\Program Files\Java\jdk1.8.0_144\jre\lib\jce.jar;C:\Program Files\Java\jdk1.8.0_144\jre\lib\charsets.jar;C:\Program Files\Java\jdk1.8.0_144\jre\lib\jfr.jar;C:\Program Files\Java\jdk1.8.0_144\jre\classes"/>
    <property name="user.script" value=""/>
    <property name="sun.management.compiler" value="HotSpot 64-Bit Tiered Compilers"/>
    <property name="java.runtime.version" value="1.8.0_144-b01"/>
    <property name="user.name" value="syntel"/>
    <property name="path.separator" value=";"/>
    <property name="os.version" value="10.0"/>
    <property name="java.endorsed.dirs" value="C:\Program Files\Java\jdk1.8.0_144\jre\lib\endorsed"/>
    <property name="java.runtime.name" value="Java(TM) SE Runtime Environment"/>
    <property name="file.encoding" value="Cp1252"/>
    <property name="java.vm.name" value="Java HotSpot(TM) 64-Bit Server VM"/>
    <property name="localRepository" value="C:\Users\syntel\.m2\repository"/>
    <property name="java.vendor.url.bug" value="http://bugreport.sun.com/bugreport/"/>
    <property name="java.io.tmpdir" value="C:\Users\syntel\AppData\Local\Temp\"/>
    <property name="java.version" value="1.8.0_144"/>
    <property name="user.dir" value="C:\Users\syntel\Desktop\JenkinsDemo\MavenUnitTest"/>
    <property name="os.arch" value="amd64"/>
    <property name="java.vm.specification.name" value="Java Virtual Machine Specification"/>
    <property name="java.awt.printerjob" value="sun.awt.windows.WPrinterJob"/>
    <property name="sun.os.patch.level" value=""/>
    <property name="java.library.path" value="C:\Program Files\Java\jdk1.8.0_144\jre\bin;C:\Windows\Sun\Java\bin;C:\Windows\system32;C:\Windows;C:\Users\syntel\bin;C:\Program Files\Git\mingw64\bin;C:\Program Files\Git\usr\local\bin;C:\Program Files\Git\usr\bin;C:\Program Files\Git\usr\bin;C:\Program Files\Git\mingw64\bin;C:\Program Files\Git\usr\bin;C:\Users\syntel\bin;C:\oraclexe\app\oracle\product\11.2.0\server\bin;C:\oraclexe\app\oracle\product\11.2.0\server\bin;C:\Program Files (x86)\Intel\iCLS Client;C:\Program Files\Intel\iCLS Client;C:\ProgramData\Oracle\Java\javapath;C:\Windows\system32;C:\Windows;C:\Windows\System32\Wbem;C:\Windows\System32\WindowsPowerShell\v1.0;C:\Program Files\Intel\Intel(R) Management Engine Components\DAL;C:\Program Files\Intel\Intel(R) Management Engine Components\IPT;C:\Program Files (x86)\Intel\Intel(R) Management Engine Components\DAL;C:\Program Files (x86)\Intel\Intel(R) Management Engine Components\IPT;C:\Windows\CCM;C:\Program Files\Microsoft VS Code\bin;C:\Gradle\gradle-5.3\bin;C:\Program Files\Java\jdk1.8.0_144\bin;C:\Training software 64 bit\apache-maven-3.3.1\bin;C:\Program Files\Git\cmd;C:\Users\syntel\AppData\Local\Microsoft\WindowsApps;C:\Program Files\Git\usr\bin\vendor_perl;C:\Program Files\Git\usr\bin\core_perl;."/>
    <property name="java.vm.info" value="mixed mode"/>
    <property name="java.vendor" value="Oracle Corporation"/>
    <property name="java.vm.version" value="25.144-b01"/>
    <property name="java.ext.dirs" value="C:\Program Files\Java\jdk1.8.0_144\jre\lib\ext;C:\Windows\Sun\Java\lib\ext"/>
    <property name="sun.io.unicode.encoding" value="UnicodeLittle"/>
    <property name="java.class.version" value="52.0"/>
  </properties>
  <testcase name="testNumber10" classname="com.unittestmaven.MavenUnitTest.TestMessageBuilder" time="0"/>
  <testcase name="testHelloWorld" classname="com.unittestmaven.MavenUnitTest.TestMessageBuilder" time="0"/>
</testsuite>